<?xml version="1.0" encoding="UTF-8"?>
<!-- Generated by org.testng.reporters.JUnitReportReporter -->
<testsuite skipped="0" hostname="DESKTOP-69FB78P" name="BrowserInvoking.ExecutionCode" tests="1" failures="0" timestamp="10 Jul 2018 12:50:14 GMT" time="34.206" errors="0">
  <testcase name="m1" time="34.206" classname="BrowserInvoking.ExecutionCode"/>
</testsuite> <!-- BrowserInvoking.ExecutionCode -->
